#    1 | steps:    53 | steps_t:     0 | t: 0.079822 | r:  -420.000000 | e:   1.000000 | Q:        nan | won: False 
#    2 | steps:   189 | steps_t:     0 | t: 0.252738 | r:  -569.000000 | e:   1.000000 | Q:        nan | won: False 
#    3 | steps:   298 | steps_t:     0 | t: 0.390169 | r:  -531.000000 | e:   1.000000 | Q:        nan | won: False 
#    4 | steps:   435 | steps_t:     0 | t: 0.560014 | r:  -537.000000 | e:   1.000000 | Q:        nan | won: False 
#    5 | steps:   478 | steps_t:     0 | t: 0.613176 | r:  -421.000000 | e:   1.000000 | Q:        nan | won: False 
#    6 | steps:   522 | steps_t:     0 | t: 0.670173 | r:  -455.000000 | e:   1.000000 | Q:        nan | won: False 
#    7 | steps:   574 | steps_t:     0 | t: 0.737179 | r:  -496.000000 | e:   1.000000 | Q:        nan | won: False 
#    8 | steps:   629 | steps_t:     0 | t: 0.807951 | r:  -455.000000 | e:   1.000000 | Q:        nan | won: False 
#    9 | steps:   647 | steps_t:     0 | t: 0.830467 | r:  -484.000000 | e:   1.000000 | Q:        nan | won: False 
#   10 | steps:   684 | steps_t:     0 | t: 0.875809 | r:  -481.000000 | e:   1.000000 | Q:        nan | won: False 
#   11 | steps:   716 | steps_t:     0 | t: 0.917611 | r:  -443.000000 | e:   1.000000 | Q:        nan | won: False 
#   12 | steps:   759 | steps_t:     0 | t: 0.972231 | r:  -520.000000 | e:   1.000000 | Q:        nan | won: False 
#   13 | steps:   788 | steps_t:     0 | t: 1.036763 | r:  -473.000000 | e:   1.000000 | Q:        nan | won: False 
#   14 | steps:   801 | steps_t:     0 | t: 1.067834 | r:  -468.000000 | e:   1.000000 | Q:        nan | won: False 
#   15 | steps:   862 | steps_t:     0 | t: 1.205136 | r:  -483.000000 | e:   1.000000 | Q:        nan | won: False 
#   16 | steps:   972 | steps_t:     0 | t: 1.456483 | r:  -345.000000 | e:   1.000000 | Q:        nan | won: False 
#   17 | steps:  1068 | steps_t:     0 | t: 1.679387 | r:  -474.000000 | e:   1.000000 | Q:        nan | won: False 
#   18 | steps:  1198 | steps_t:     0 | t: 1.976435 | r:  -497.000000 | e:   1.000000 | Q:        nan | won: False 
#   19 | steps:  1245 | steps_t:     0 | t: 2.081536 | r:  -458.000000 | e:   1.000000 | Q:        nan | won: False 
#   20 | steps:  1300 | steps_t:     0 | t: 2.210441 | r:  -488.000000 | e:   1.000000 | Q:        nan | won: False 
#   21 | steps:  1316 | steps_t:     0 | t: 2.247171 | r:  -482.000000 | e:   1.000000 | Q:        nan | won: False 
#   22 | steps:  1381 | steps_t:     0 | t: 2.397955 | r:  -421.000000 | e:   1.000000 | Q:        nan | won: False 
#   23 | steps:  1463 | steps_t:     0 | t: 2.587366 | r:  -449.000000 | e:   1.000000 | Q:        nan | won: False 
#   24 | steps:  1502 | steps_t:     0 | t: 2.676416 | r:  -428.000000 | e:   1.000000 | Q:        nan | won: False 
#   25 | steps:  1554 | steps_t:     0 | t: 2.796924 | r:  -474.000000 | e:   1.000000 | Q:        nan | won: False 
#   26 | steps:  1573 | steps_t:     0 | t: 2.843212 | r:  -474.000000 | e:   1.000000 | Q:        nan | won: False 
#   27 | steps:  1654 | steps_t:     0 | t: 3.096371 | r:  -393.000000 | e:   1.000000 | Q:        nan | won: False 
#   28 | steps:  1673 | steps_t:     0 | t: 3.139991 | r:  -485.000000 | e:   1.000000 | Q:        nan | won: False 
#   29 | steps:  1703 | steps_t:     0 | t: 3.209189 | r:  -474.000000 | e:   1.000000 | Q:        nan | won: False 
#   30 | steps:  1717 | steps_t:     0 | t: 3.243246 | r:  -480.000000 | e:   1.000000 | Q:        nan | won: False 
#   31 | steps:  1748 | steps_t:     0 | t: 3.314285 | r:  -475.000000 | e:   1.000000 | Q:        nan | won: False 
#   32 | steps:  1778 | steps_t:     0 | t: 3.382627 | r:  -496.000000 | e:   1.000000 | Q:        nan | won: False 
#   33 | steps:  1856 | steps_t:     0 | t: 3.564686 | r:  -500.000000 | e:   1.000000 | Q:        nan | won: False 
#   34 | steps:  2030 | steps_t:     0 | t: 3.965143 | r:  -365.000000 | e:   1.000000 | Q:        nan | won: False 
#   35 | steps:  2118 | steps_t:     0 | t: 4.134332 | r:  -521.000000 | e:   1.000000 | Q:        nan | won: False 
#   36 | steps:  2195 | steps_t:     0 | t: 4.226908 | r:  -466.000000 | e:   1.000000 | Q:        nan | won: False 
#   37 | steps:  2243 | steps_t:     0 | t: 4.286152 | r:  -448.000000 | e:   1.000000 | Q:        nan | won: False 
#   38 | steps:  2269 | steps_t:     0 | t: 4.320864 | r:  -492.000000 | e:   1.000000 | Q:        nan | won: False 
#   39 | steps:  2311 | steps_t:     0 | t: 4.370057 | r:  -486.000000 | e:   1.000000 | Q:        nan | won: False 
#   40 | steps:  2384 | steps_t:     0 | t: 4.468656 | r:  -396.000000 | e:   1.000000 | Q:        nan | won: False 
#   41 | steps:  2454 | steps_t:     0 | t: 4.559073 | r:  -470.000000 | e:   1.000000 | Q:        nan | won: False 
#   42 | steps:  2481 | steps_t:     0 | t: 4.593513 | r:  -482.000000 | e:   1.000000 | Q:        nan | won: False 
#   43 | steps:  2543 | steps_t:     0 | t: 4.668637 | r:  -462.000000 | e:   1.000000 | Q:        nan | won: False 
#   44 | steps:  2677 | steps_t:     0 | t: 4.828476 | r:  -446.000000 | e:   1.000000 | Q:        nan | won: False 
#   45 | steps:  2719 | steps_t:     0 | t: 4.878496 | r:  -508.000000 | e:   1.000000 | Q:        nan | won: False 
#   46 | steps:  2742 | steps_t:     0 | t: 4.907452 | r:  -467.000000 | e:   1.000000 | Q:        nan | won: False 
#   47 | steps:  2758 | steps_t:     0 | t: 4.927558 | r:  -460.000000 | e:   1.000000 | Q:        nan | won: False 
#   48 | steps:  2838 | steps_t:     0 | t: 5.021477 | r:  -491.000000 | e:   1.000000 | Q:        nan | won: False 
#   49 | steps:  2865 | steps_t:     0 | t: 5.055351 | r:  -416.000000 | e:   1.000000 | Q:        nan | won: False 
#   50 | steps:  2891 | steps_t:     0 | t: 5.084451 | r:  -503.000000 | e:   1.000000 | Q:        nan | won: False 
#   51 | steps:  2907 | steps_t:     0 | t: 5.105104 | r:  -471.000000 | e:   1.000000 | Q:        nan | won: False 
#   52 | steps:  2955 | steps_t:     0 | t: 5.163506 | r:  -404.000000 | e:   1.000000 | Q:        nan | won: False 
#   53 | steps:  3047 | steps_t:     0 | t: 5.273995 | r:  -514.000000 | e:   1.000000 | Q:        nan | won: False 
#   54 | steps:  3129 | steps_t:     0 | t: 5.370502 | r:  -460.000000 | e:   1.000000 | Q:        nan | won: False 
#   55 | steps:  3214 | steps_t:     0 | t: 5.475404 | r:  -463.000000 | e:   1.000000 | Q:        nan | won: False 
#   56 | steps:  3344 | steps_t:     0 | t: 5.735546 | r:  -519.000000 | e:   1.000000 | Q:        nan | won: False 
#   57 | steps:  3379 | steps_t:     0 | t: 5.814153 | r:  -457.000000 | e:   1.000000 | Q:        nan | won: False 
#   58 | steps:  3511 | steps_t:     0 | t: 6.118057 | r:  -411.000000 | e:   1.000000 | Q:        nan | won: False 
#   59 | steps:  3681 | steps_t:     0 | t: 6.509170 | r:  -449.000000 | e:   1.000000 | Q:        nan | won: False 
#   60 | steps:  3716 | steps_t:     0 | t: 6.587263 | r:  -490.000000 | e:   1.000000 | Q:        nan | won: False 
#   61 | steps:  3794 | steps_t:     0 | t: 6.764603 | r:  -346.000000 | e:   1.000000 | Q:        nan | won: False 
#   62 | steps:  3809 | steps_t:     0 | t: 6.798722 | r:  -481.000000 | e:   1.000000 | Q:        nan | won: False 
#   63 | steps:  3852 | steps_t:     0 | t: 6.896473 | r:  -476.000000 | e:   1.000000 | Q:        nan | won: False 
#   64 | steps:  3938 | steps_t:     0 | t: 7.093156 | r:  -497.000000 | e:   1.000000 | Q:        nan | won: False 
#   65 | steps:  3951 | steps_t:     0 | t: 7.123707 | r:  -435.000000 | e:   1.000000 | Q:        nan | won: False 
#   66 | steps:  3999 | steps_t:     0 | t: 7.233613 | r:  -514.000000 | e:   1.000000 | Q:        nan | won: False 
#   67 | steps:  4044 | steps_t:     0 | t: 7.336645 | r:  -401.000000 | e:   1.000000 | Q:        nan | won: False 
#   68 | steps:  4115 | steps_t:     0 | t: 7.504464 | r:  -471.000000 | e:   1.000000 | Q:        nan | won: False 
#   69 | steps:  4283 | steps_t:     0 | t: 7.886766 | r:  -568.000000 | e:   1.000000 | Q:        nan | won: False 
#   70 | steps:  4462 | steps_t:     0 | t: 8.294389 | r:  -330.000000 | e:   1.000000 | Q:        nan | won: False 
#   71 | steps:  4579 | steps_t:     0 | t: 8.563777 | r:  -462.000000 | e:   1.000000 | Q:        nan | won: False 
#   72 | steps:  4652 | steps_t:     0 | t: 8.730282 | r:  -484.000000 | e:   1.000000 | Q:        nan | won: False 
#   73 | steps:  4735 | steps_t:     0 | t: 8.922067 | r:  -384.000000 | e:   1.000000 | Q:        nan | won: False 
#   74 | steps:  4759 | steps_t:     0 | t: 8.977360 | r:  -446.000000 | e:   1.000000 | Q:        nan | won: False 
#   75 | steps:  4805 | steps_t:     0 | t: 9.080050 | r:  -490.000000 | e:   1.000000 | Q:        nan | won: False 
#   76 | steps:  4819 | steps_t:     0 | t: 9.113153 | r:  -458.000000 | e:   1.000000 | Q:        nan | won: False 
#   77 | steps:  4871 | steps_t:     0 | t: 9.231445 | r:  -463.000000 | e:   1.000000 | Q:        nan | won: False 
#   78 | steps:  4935 | steps_t:     0 | t: 9.386275 | r:  -365.000000 | e:   1.000000 | Q:        nan | won: False 
#   79 | steps:  4967 | steps_t:     0 | t: 9.461526 | r:  -443.000000 | e:   1.000000 | Q:        nan | won: False 
#   80 | steps:  5054 | steps_t:    53 | t: 11.118935 | r:  -377.000000 | e:   0.994700 | Q:        nan | won: False 
#   81 | steps:  5104 | steps_t:   102 | t: 12.287700 | r:  -472.000000 | e:   0.989800 | Q:        nan | won: False 
#   82 | steps:  5116 | steps_t:   113 | t: 12.562474 | r:  -434.000000 | e:   0.988700 | Q:        nan | won: False 
#   83 | steps:  5185 | steps_t:   181 | t: 14.185997 | r:  -524.000000 | e:   0.981900 | Q:  -9.469765 | won: False 
#   84 | steps:  5239 | steps_t:   234 | t: 15.467464 | r:  -443.000000 | e:   0.976600 | Q:  -5.586850 | won: False 
#   85 | steps:  5293 | steps_t:   287 | t: 16.742697 | r:  -432.000000 | e:   0.971300 | Q: -12.628447 | won: False 
#   86 | steps:  5445 | steps_t:   438 | t: 20.354927 | r:  -387.000000 | e:   0.956200 | Q: -23.650997 | won: False 
#   87 | steps:  5484 | steps_t:   476 | t: 21.270240 | r:  -461.000000 | e:   0.952400 | Q: -43.844746 | won: False 
#   88 | steps:  5523 | steps_t:   514 | t: 22.189604 | r:  -494.000000 | e:   0.948600 | Q: -59.876225 | won: False 
#   89 | steps:  5614 | steps_t:   604 | t: 24.355650 | r:  -447.000000 | e:   0.939600 | Q: -49.839703 | won: False 
#   90 | steps:  5657 | steps_t:   646 | t: 25.363616 | r:  -377.000000 | e:   0.935400 | Q: -50.188385 | won: False 
#   91 | steps:  5704 | steps_t:   692 | t: 26.492542 | r:  -491.000000 | e:   0.930800 | Q: -49.213791 | won: False 
#   92 | steps:  5734 | steps_t:   721 | t: 27.194047 | r:  -485.000000 | e:   0.927900 | Q: -63.018482 | won: False 
#   93 | steps:  5760 | steps_t:   746 | t: 27.795253 | r:  -459.000000 | e:   0.925400 | Q: -56.961185 | won: False 
#   94 | steps:  5784 | steps_t:   769 | t: 28.354577 | r:  -490.000000 | e:   0.923100 | Q: -49.282581 | won: False 
#   95 | steps:  5866 | steps_t:   850 | t: 30.310522 | r:  -504.000000 | e:   0.915000 | Q: -49.592865 | won: False 
#   96 | steps:  5884 | steps_t:   867 | t: 30.726377 | r:  -418.000000 | e:   0.913300 | Q:        nan | won: False 
#   97 | steps:  6056 | steps_t:  1038 | t: 34.841067 | r:  -418.000000 | e:   0.896200 | Q: -44.915379 | won: False 
#   98 | steps:  6130 | steps_t:  1111 | t: 36.609149 | r:  -463.000000 | e:   0.888900 | Q: -42.526119 | won: False 
#   99 | steps:  6177 | steps_t:  1157 | t: 37.741543 | r:  -491.000000 | e:   0.884300 | Q: -69.912567 | won: False 
#  100 | steps:  6209 | steps_t:  1188 | t: 38.502412 | r:  -410.000000 | e:   0.881200 | Q: -67.564201 | won: False 
