#    1 | steps:     8 | steps_t:     0 | t: 0.015972 | r:  -507.000000 | e:   1.000000 | Q:  10.000000 | won: False 
#    2 | steps:    20 | steps_t:     0 | t: 0.024256 | r:  -511.000000 | e:   1.000000 | Q:  10.000000 | won: False 
#    3 | steps:    31 | steps_t:     0 | t: 0.032614 | r:  -510.000000 | e:   1.000000 | Q:  10.000000 | won: False 
#    4 | steps:    42 | steps_t:     0 | t: 0.041797 | r:  -510.000000 | e:   1.000000 | Q:  10.000000 | won: False 
#    5 | steps:    61 | steps_t:     0 | t: 0.058932 | r:  -518.000000 | e:   1.000000 | Q:  10.000000 | won: False 
#    6 | steps:    69 | steps_t:     0 | t: 0.064316 | r:  -507.000000 | e:   1.000000 | Q:  10.000000 | won: False 
#    7 | steps:    92 | steps_t:     0 | t: 0.080582 | r:  -522.000000 | e:   1.000000 | Q:  10.000000 | won: False 
#    8 | steps:   102 | steps_t:     0 | t: 0.087448 | r:  -509.000000 | e:   1.000000 | Q:  10.000000 | won: False 
#    9 | steps:   111 | steps_t:     0 | t: 0.094305 | r:  -508.000000 | e:   1.000000 | Q:  10.000000 | won: False 
#   10 | steps:   127 | steps_t:     0 | t: 0.105954 | r:  -515.000000 | e:   1.000000 | Q:  10.000000 | won: False 
#   11 | steps:   139 | steps_t:     0 | t: 0.115218 | r:  -511.000000 | e:   1.000000 | Q:  10.000000 | won: False 
#   12 | steps:   149 | steps_t:     0 | t: 0.124434 | r:  -509.000000 | e:   1.000000 | Q:  10.000000 | won: False 
#   13 | steps:   156 | steps_t:     0 | t: 0.129580 | r:  -506.000000 | e:   1.000000 | Q:  10.000000 | won: False 
#   14 | steps:   161 | steps_t:     0 | t: 0.133080 | r:  -504.000000 | e:   1.000000 | Q:  10.000000 | won: False 
#   15 | steps:   167 | steps_t:     0 | t: 0.137652 | r:  -505.000000 | e:   1.000000 | Q:  10.000000 | won: False 
#   16 | steps:   176 | steps_t:     0 | t: 0.144708 | r:  -508.000000 | e:   1.000000 | Q:  10.000000 | won: False 
#   17 | steps:   182 | steps_t:     0 | t: 0.149110 | r:  -505.000000 | e:   1.000000 | Q:  10.000000 | won: False 
#   18 | steps:   190 | steps_t:     0 | t: 0.154928 | r:  -507.000000 | e:   1.000000 | Q:  10.000000 | won: False 
#   19 | steps:   210 | steps_t:     0 | t: 0.169164 | r:  -519.000000 | e:   1.000000 | Q:  10.000000 | won: False 
#   20 | steps:   217 | steps_t:     0 | t: 0.175652 | r:  -506.000000 | e:   1.000000 | Q:  10.000000 | won: False 
#   21 | steps:   228 | steps_t:     0 | t: 0.183182 | r:  -510.000000 | e:   1.000000 | Q:  10.000000 | won: False 
#   22 | steps:   234 | steps_t:     0 | t: 0.188589 | r:  -505.000000 | e:   1.000000 | Q:  10.000000 | won: False 
#   23 | steps:   255 | steps_t:     0 | t: 0.203797 | r:  -520.000000 | e:   1.000000 | Q:  10.000000 | won: False 
#   24 | steps:   263 | steps_t:     0 | t: 0.209728 | r:  -507.000000 | e:   1.000000 | Q:  10.000000 | won: False 
#   25 | steps:   272 | steps_t:     0 | t: 0.216253 | r:  -508.000000 | e:   1.000000 | Q:  10.000000 | won: False 
#   26 | steps:   291 | steps_t:     0 | t: 0.230621 | r:  -507.000000 | e:   1.000000 | Q:  10.000000 | won: False 
#   27 | steps:   300 | steps_t:     0 | t: 0.237399 | r:  -508.000000 | e:   1.000000 | Q:  10.000000 | won: False 
#   28 | steps:   312 | steps_t:     0 | t: 0.246979 | r:  -511.000000 | e:   1.000000 | Q:  10.000000 | won: False 
#   29 | steps:   320 | steps_t:     0 | t: 0.252793 | r:  -507.000000 | e:   1.000000 | Q:  10.000000 | won: False 
#   30 | steps:   329 | steps_t:     0 | t: 0.260680 | r:  -508.000000 | e:   1.000000 | Q:  10.000000 | won: False 
#   31 | steps:   342 | steps_t:     0 | t: 0.269896 | r:  -512.000000 | e:   1.000000 | Q:  10.000000 | won: False 
#   32 | steps:   356 | steps_t:     0 | t: 0.280029 | r:  -513.000000 | e:   1.000000 | Q:  10.000000 | won: False 
#   33 | steps:   368 | steps_t:     0 | t: 0.288639 | r:  -511.000000 | e:   1.000000 | Q:  10.000000 | won: False 
#   34 | steps:   374 | steps_t:     0 | t: 0.292621 | r:  -505.000000 | e:   1.000000 | Q:  10.000000 | won: False 
#   35 | steps:   381 | steps_t:     0 | t: 0.297574 | r:  -506.000000 | e:   1.000000 | Q:  10.000000 | won: False 
#   36 | steps:   391 | steps_t:     0 | t: 0.305446 | r:  -509.000000 | e:   1.000000 | Q:  10.000000 | won: False 
#   37 | steps:   402 | steps_t:     0 | t: 0.314053 | r:  -510.000000 | e:   1.000000 | Q:  10.000000 | won: False 
#   38 | steps:   412 | steps_t:     0 | t: 0.322792 | r:  -509.000000 | e:   1.000000 | Q:  10.000000 | won: False 
#   39 | steps:   433 | steps_t:     0 | t: 0.337923 | r:  -520.000000 | e:   1.000000 | Q:  10.000000 | won: False 
#   40 | steps:   441 | steps_t:     0 | t: 0.343723 | r:  -507.000000 | e:   1.000000 | Q:  10.000000 | won: False 
#   41 | steps:   452 | steps_t:     0 | t: 0.351735 | r:  -510.000000 | e:   1.000000 | Q:  10.000000 | won: False 
#   42 | steps:   462 | steps_t:     0 | t: 0.358657 | r:  -509.000000 | e:   1.000000 | Q:  10.000000 | won: False 
#   43 | steps:   485 | steps_t:     0 | t: 0.376249 | r:  -522.000000 | e:   1.000000 | Q:  10.000000 | won: False 
#   44 | steps:   495 | steps_t:     0 | t: 0.383477 | r:  -509.000000 | e:   1.000000 | Q:  10.000000 | won: False 
#   45 | steps:   503 | steps_t:     0 | t: 0.391792 | r:  -507.000000 | e:   1.000000 | Q:  10.000000 | won: False 
#   46 | steps:   511 | steps_t:     0 | t: 0.397288 | r:  -507.000000 | e:   1.000000 | Q:  10.000000 | won: False 
#   47 | steps:   523 | steps_t:     0 | t: 0.405766 | r:  -511.000000 | e:   1.000000 | Q:  10.000000 | won: False 
#   48 | steps:   531 | steps_t:     0 | t: 0.411160 | r:  -507.000000 | e:   1.000000 | Q:  10.000000 | won: False 
#   49 | steps:   543 | steps_t:     0 | t: 0.419991 | r:  -511.000000 | e:   1.000000 | Q:  10.000000 | won: False 
#   50 | steps:   550 | steps_t:     0 | t: 0.425685 | r:  -506.000000 | e:   1.000000 | Q:  10.000000 | won: False 
#   51 | steps:   568 | steps_t:     0 | t: 0.438767 | r:  -495.000000 | e:   1.000000 | Q:  10.000000 | won: False 
#   52 | steps:   578 | steps_t:     0 | t: 0.446386 | r:  -509.000000 | e:   1.000000 | Q:  10.000000 | won: False 
#   53 | steps:   601 | steps_t:     0 | t: 0.464707 | r:  -522.000000 | e:   1.000000 | Q:  10.000000 | won: False 
#   54 | steps:   617 | steps_t:     0 | t: 0.477340 | r:  -515.000000 | e:   1.000000 | Q:  10.000000 | won: False 
#   55 | steps:   623 | steps_t:     0 | t: 0.481508 | r:  -505.000000 | e:   1.000000 | Q:  10.000000 | won: False 
#   56 | steps:   632 | steps_t:     0 | t: 0.487971 | r:  -508.000000 | e:   1.000000 | Q:  10.000000 | won: False 
#   57 | steps:   638 | steps_t:     0 | t: 0.492951 | r:  -505.000000 | e:   1.000000 | Q:  10.000000 | won: False 
#   58 | steps:   645 | steps_t:     0 | t: 0.497991 | r:  -506.000000 | e:   1.000000 | Q:  10.000000 | won: False 
#   59 | steps:   653 | steps_t:     0 | t: 0.503838 | r:  -507.000000 | e:   1.000000 | Q:  10.000000 | won: False 
#   60 | steps:   661 | steps_t:     0 | t: 0.510572 | r:  -507.000000 | e:   1.000000 | Q:  10.000000 | won: False 
#   61 | steps:   669 | steps_t:     0 | t: 0.516389 | r:  -507.000000 | e:   1.000000 | Q:  10.000000 | won: False 
#   62 | steps:   680 | steps_t:     0 | t: 0.526494 | r:  -510.000000 | e:   1.000000 | Q:  10.000000 | won: False 
#   63 | steps:   691 | steps_t:     0 | t: 0.534525 | r:  -510.000000 | e:   1.000000 | Q:  10.000000 | won: False 
#   64 | steps:   700 | steps_t:     0 | t: 0.541265 | r:  -508.000000 | e:   1.000000 | Q:  10.000000 | won: False 
#   65 | steps:   707 | steps_t:     0 | t: 0.546355 | r:  -506.000000 | e:   1.000000 | Q:  10.000000 | won: False 
#   66 | steps:   715 | steps_t:     0 | t: 0.551885 | r:  -507.000000 | e:   1.000000 | Q:  10.000000 | won: False 
#   67 | steps:   722 | steps_t:     0 | t: 0.557179 | r:  -506.000000 | e:   1.000000 | Q:  10.000000 | won: False 
#   68 | steps:   736 | steps_t:     0 | t: 0.567376 | r:  -513.000000 | e:   1.000000 | Q:  10.000000 | won: False 
#   69 | steps:   751 | steps_t:     0 | t: 0.579571 | r:  -514.000000 | e:   1.000000 | Q:  10.000000 | won: False 
#   70 | steps:   759 | steps_t:     0 | t: 0.585099 | r:  -507.000000 | e:   1.000000 | Q:  10.000000 | won: False 
#   71 | steps:   769 | steps_t:     0 | t: 0.594450 | r:  -509.000000 | e:   1.000000 | Q:  10.000000 | won: False 
#   72 | steps:   784 | steps_t:     0 | t: 0.605010 | r:  -514.000000 | e:   1.000000 | Q:  10.000000 | won: False 
#   73 | steps:   791 | steps_t:     0 | t: 0.610028 | r:  -506.000000 | e:   1.000000 | Q:  10.000000 | won: False 
#   74 | steps:   799 | steps_t:     0 | t: 0.615825 | r:  -507.000000 | e:   1.000000 | Q:  10.000000 | won: False 
#   75 | steps:   812 | steps_t:     0 | t: 0.625032 | r:  -512.000000 | e:   1.000000 | Q:  10.000000 | won: False 
#   76 | steps:   820 | steps_t:     0 | t: 0.630799 | r:  -507.000000 | e:   1.000000 | Q:  10.000000 | won: False 
#   77 | steps:   842 | steps_t:     0 | t: 0.647609 | r:  -521.000000 | e:   1.000000 | Q:  10.000000 | won: False 
#   78 | steps:   850 | steps_t:     0 | t: 0.654013 | r:  -507.000000 | e:   1.000000 | Q:  10.000000 | won: False 
#   79 | steps:   870 | steps_t:     0 | t: 0.670001 | r:  -519.000000 | e:   1.000000 | Q:  10.000000 | won: False 
#   80 | steps:   878 | steps_t:     0 | t: 0.676185 | r:  -507.000000 | e:   1.000000 | Q:  10.000000 | won: False 
#   81 | steps:   885 | steps_t:     0 | t: 0.681303 | r:  -506.000000 | e:   1.000000 | Q:  10.000000 | won: False 
#   82 | steps:   892 | steps_t:     0 | t: 0.686414 | r:  -506.000000 | e:   1.000000 | Q:  10.000000 | won: False 
#   83 | steps:   915 | steps_t:     0 | t: 0.703876 | r:  -522.000000 | e:   1.000000 | Q:  10.000000 | won: False 
#   84 | steps:   925 | steps_t:     0 | t: 0.712022 | r:  -509.000000 | e:   1.000000 | Q:  10.000000 | won: False 
#   85 | steps:   934 | steps_t:     0 | t: 0.718673 | r:  -508.000000 | e:   1.000000 | Q:  10.000000 | won: False 
#   86 | steps:   954 | steps_t:     0 | t: 0.735097 | r:  -519.000000 | e:   1.000000 | Q:  10.000000 | won: False 
#   87 | steps:   964 | steps_t:     0 | t: 0.742673 | r:  -509.000000 | e:   1.000000 | Q:  10.000000 | won: False 
#   88 | steps:   972 | steps_t:     0 | t: 0.748528 | r:  -507.000000 | e:   1.000000 | Q:  10.000000 | won: False 
#   89 | steps:   981 | steps_t:     0 | t: 0.754803 | r:  -508.000000 | e:   1.000000 | Q:  10.000000 | won: False 
#   90 | steps:   989 | steps_t:     0 | t: 0.761368 | r:  -507.000000 | e:   1.000000 | Q:  10.000000 | won: False 
#   91 | steps:   997 | steps_t:     0 | t: 0.766872 | r:  -507.000000 | e:   1.000000 | Q:  10.000000 | won: False 
#   92 | steps:  1008 | steps_t:     0 | t: 0.775854 | r:  -510.000000 | e:   1.000000 | Q:  10.000000 | won: False 
#   93 | steps:  1016 | steps_t:     0 | t: 0.781630 | r:  -507.000000 | e:   1.000000 | Q:  10.000000 | won: False 
#   94 | steps:  1031 | steps_t:     0 | t: 0.793699 | r:  -503.000000 | e:   1.000000 | Q:  10.000000 | won: False 
#   95 | steps:  1038 | steps_t:     0 | t: 0.798813 | r:  -506.000000 | e:   1.000000 | Q:  10.000000 | won: False 
#   96 | steps:  1058 | steps_t:     0 | t: 0.811254 | r:  -519.000000 | e:   1.000000 | Q:  10.000000 | won: False 
#   97 | steps:  1066 | steps_t:     0 | t: 0.814983 | r:  -507.000000 | e:   1.000000 | Q:  10.000000 | won: False 
#   98 | steps:  1073 | steps_t:     0 | t: 0.818072 | r:  -506.000000 | e:   1.000000 | Q:  10.000000 | won: False 
#   99 | steps:  1085 | steps_t:     0 | t: 0.823315 | r:  -511.000000 | e:   1.000000 | Q:  10.000000 | won: False 
#  100 | steps:  1096 | steps_t:     0 | t: 0.827863 | r:  -510.000000 | e:   1.000000 | Q:  10.000000 | won: False 
