#    1 | steps:    51 | steps_t:     0 | t: 0.077523 | r:  -418.000000 | e:   1.000000 | Q:        nan | won: False 
#    2 | steps:    96 | steps_t:     0 | t: 0.135476 | r:  -412.000000 | e:   1.000000 | Q:        nan | won: False 
#    3 | steps:   152 | steps_t:     0 | t: 0.210295 | r:  -500.000000 | e:   1.000000 | Q:        nan | won: False 
#    4 | steps:   186 | steps_t:     0 | t: 0.250617 | r:  -467.000000 | e:   1.000000 | Q:        nan | won: False 
#    5 | steps:   205 | steps_t:     0 | t: 0.293594 | r:  -474.000000 | e:   1.000000 | Q:        nan | won: False 
#    6 | steps:   291 | steps_t:     0 | t: 0.491758 | r:  -475.000000 | e:   1.000000 | Q:        nan | won: False 
#    7 | steps:   375 | steps_t:     0 | t: 0.683338 | r:  -341.000000 | e:   1.000000 | Q:        nan | won: False 
#    8 | steps:   470 | steps_t:     0 | t: 0.900306 | r:  -385.000000 | e:   1.000000 | Q:        nan | won: False 
#    9 | steps:   634 | steps_t:     0 | t: 1.286878 | r:  -564.000000 | e:   1.000000 | Q:        nan | won: False 
#   10 | steps:   659 | steps_t:     0 | t: 1.343729 | r:  -491.000000 | e:   1.000000 | Q:        nan | won: False 
#   11 | steps:   718 | steps_t:     0 | t: 1.480642 | r:  -492.000000 | e:   1.000000 | Q:        nan | won: False 
#   12 | steps:   772 | steps_t:     0 | t: 1.605767 | r:  -487.000000 | e:   1.000000 | Q:        nan | won: False 
#   13 | steps:   860 | steps_t:     0 | t: 1.810059 | r:  -378.000000 | e:   1.000000 | Q:        nan | won: False 
#   14 | steps:   915 | steps_t:     0 | t: 1.878275 | r:  -466.000000 | e:   1.000000 | Q:        nan | won: False 
#   15 | steps:  1003 | steps_t:     0 | t: 1.989317 | r:  -510.000000 | e:   1.000000 | Q:        nan | won: False 
#   16 | steps:  1045 | steps_t:     0 | t: 2.037208 | r:  -409.000000 | e:   1.000000 | Q:        nan | won: False 
#   17 | steps:  1168 | steps_t:     0 | t: 2.186457 | r:  -336.000000 | e:   1.000000 | Q:        nan | won: False 
#   18 | steps:  1225 | steps_t:     0 | t: 2.252090 | r:  -380.000000 | e:   1.000000 | Q:        nan | won: False 
#   19 | steps:  1330 | steps_t:     0 | t: 2.382247 | r:  -516.000000 | e:   1.000000 | Q:        nan | won: False 
#   20 | steps:  1418 | steps_t:     0 | t: 2.485161 | r:  -499.000000 | e:   1.000000 | Q:        nan | won: False 
#   21 | steps:  1482 | steps_t:     0 | t: 2.560345 | r:  -376.000000 | e:   1.000000 | Q:        nan | won: False 
#   22 | steps:  1501 | steps_t:     0 | t: 2.583029 | r:  -463.000000 | e:   1.000000 | Q:        nan | won: False 
#   23 | steps:  1548 | steps_t:     0 | t: 2.639815 | r:  -469.000000 | e:   1.000000 | Q:        nan | won: False 
#   24 | steps:  1631 | steps_t:     0 | t: 2.825545 | r:  -329.000000 | e:   1.000000 | Q:        nan | won: False 
#   25 | steps:  1688 | steps_t:     0 | t: 2.902736 | r:  -468.000000 | e:   1.000000 | Q:        nan | won: False 
#   26 | steps:  1735 | steps_t:     0 | t: 2.962795 | r:  -480.000000 | e:   1.000000 | Q:        nan | won: False 
#   27 | steps:  1776 | steps_t:     0 | t: 3.012379 | r:  -485.000000 | e:   1.000000 | Q:        nan | won: False 
#   28 | steps:  1816 | steps_t:     0 | t: 3.060040 | r:  -473.000000 | e:   1.000000 | Q:        nan | won: False 
#   29 | steps:  1890 | steps_t:     0 | t: 3.154245 | r:  -485.000000 | e:   1.000000 | Q:        nan | won: False 
#   30 | steps:  1929 | steps_t:     0 | t: 3.198678 | r:  -417.000000 | e:   1.000000 | Q:        nan | won: False 
#   31 | steps:  2088 | steps_t:     0 | t: 3.421541 | r:  -273.000000 | e:   1.000000 | Q:        nan | won: False 
#   32 | steps:  2238 | steps_t:     0 | t: 3.765346 | r:  -473.000000 | e:   1.000000 | Q:        nan | won: False 
#   33 | steps:  2277 | steps_t:     0 | t: 3.854433 | r:  -450.000000 | e:   1.000000 | Q:        nan | won: False 
#   34 | steps:  2379 | steps_t:     0 | t: 4.091013 | r:  -403.000000 | e:   1.000000 | Q:        nan | won: False 
#   35 | steps:  2420 | steps_t:     0 | t: 4.185807 | r:  -485.000000 | e:   1.000000 | Q:        nan | won: False 
#   36 | steps:  2506 | steps_t:     0 | t: 4.382310 | r:  -464.000000 | e:   1.000000 | Q:        nan | won: False 
#   37 | steps:  2530 | steps_t:     0 | t: 4.439479 | r:  -479.000000 | e:   1.000000 | Q:        nan | won: False 
#   38 | steps:  2563 | steps_t:     0 | t: 4.517367 | r:  -466.000000 | e:   1.000000 | Q:        nan | won: False 
#   39 | steps:  2682 | steps_t:     0 | t: 4.794648 | r:  -552.000000 | e:   1.000000 | Q:        nan | won: False 
#   40 | steps:  2727 | steps_t:     0 | t: 4.901796 | r:  -489.000000 | e:   1.000000 | Q:        nan | won: False 
#   41 | steps:  2814 | steps_t:     0 | t: 5.101901 | r:  -333.000000 | e:   1.000000 | Q:        nan | won: False 
#   42 | steps:  2859 | steps_t:     0 | t: 5.206016 | r:  -467.000000 | e:   1.000000 | Q:        nan | won: False 
#   43 | steps:  2903 | steps_t:     0 | t: 5.306587 | r:  -411.000000 | e:   1.000000 | Q:        nan | won: False 
#   44 | steps:  2953 | steps_t:     0 | t: 5.424534 | r:  -461.000000 | e:   1.000000 | Q:        nan | won: False 
#   45 | steps:  3032 | steps_t:     0 | t: 5.603951 | r:  -457.000000 | e:   1.000000 | Q:        nan | won: False 
#   46 | steps:  3071 | steps_t:     0 | t: 5.691430 | r:  -439.000000 | e:   1.000000 | Q:        nan | won: False 
#   47 | steps:  3121 | steps_t:     0 | t: 5.812705 | r:  -494.000000 | e:   1.000000 | Q:        nan | won: False 
#   48 | steps:  3317 | steps_t:     0 | t: 6.353397 | r:  -376.000000 | e:   1.000000 | Q:        nan | won: False 
#   49 | steps:  3366 | steps_t:     0 | t: 6.464199 | r:  -438.000000 | e:   1.000000 | Q:        nan | won: False 
#   50 | steps:  3389 | steps_t:     0 | t: 6.498580 | r:  -412.000000 | e:   1.000000 | Q:        nan | won: False 
#   51 | steps:  3425 | steps_t:     0 | t: 6.545507 | r:  -502.000000 | e:   1.000000 | Q:        nan | won: False 
#   52 | steps:  3487 | steps_t:     0 | t: 6.621028 | r:  -506.000000 | e:   1.000000 | Q:        nan | won: False 
#   53 | steps:  3557 | steps_t:     0 | t: 6.706442 | r:  -448.000000 | e:   1.000000 | Q:        nan | won: False 
#   54 | steps:  3603 | steps_t:     0 | t: 6.762377 | r:  -457.000000 | e:   1.000000 | Q:        nan | won: False 
#   55 | steps:  3741 | steps_t:     0 | t: 6.929176 | r:  -439.000000 | e:   1.000000 | Q:        nan | won: False 
#   56 | steps:  3874 | steps_t:     0 | t: 7.084978 | r:  -522.000000 | e:   1.000000 | Q:        nan | won: False 
#   57 | steps:  3924 | steps_t:     0 | t: 7.144593 | r:  -472.000000 | e:   1.000000 | Q:        nan | won: False 
#   58 | steps:  4133 | steps_t:     0 | t: 7.385901 | r:  -268.000000 | e:   1.000000 | Q:        nan | won: False 
#   59 | steps:  4171 | steps_t:     0 | t: 7.429616 | r:  -416.000000 | e:   1.000000 | Q:        nan | won: False 
#   60 | steps:  4254 | steps_t:     0 | t: 7.531254 | r:  -329.000000 | e:   1.000000 | Q:        nan | won: False 
#   61 | steps:  4363 | steps_t:     0 | t: 7.659647 | r:  -531.000000 | e:   1.000000 | Q:        nan | won: False 
#   62 | steps:  4410 | steps_t:     0 | t: 7.723720 | r:  -491.000000 | e:   1.000000 | Q:        nan | won: False 
#   63 | steps:  4473 | steps_t:     0 | t: 7.799091 | r:  -408.000000 | e:   1.000000 | Q:        nan | won: False 
#   64 | steps:  4487 | steps_t:     0 | t: 7.814540 | r:  -480.000000 | e:   1.000000 | Q:        nan | won: False 
#   65 | steps:  4598 | steps_t:     0 | t: 7.946872 | r:  -401.000000 | e:   1.000000 | Q:        nan | won: False 
#   66 | steps:  4673 | steps_t:     0 | t: 8.049872 | r:  -343.000000 | e:   1.000000 | Q:        nan | won: False 
#   67 | steps:  4776 | steps_t:     0 | t: 8.285642 | r:  -404.000000 | e:   1.000000 | Q:        nan | won: False 
#   68 | steps:  4816 | steps_t:     0 | t: 8.380275 | r:  -506.000000 | e:   1.000000 | Q:        nan | won: False 
#   69 | steps:  4916 | steps_t:     0 | t: 8.611459 | r:  -456.000000 | e:   1.000000 | Q:        nan | won: False 
#   70 | steps:  5011 | steps_t:    10 | t: 9.319735 | r:  -517.000000 | e:   0.999000 | Q:        nan | won: False 
#   71 | steps:  5080 | steps_t:    78 | t: 10.940495 | r:  -502.000000 | e:   0.992200 | Q:        nan | won: False 
#   72 | steps:  5108 | steps_t:   105 | t: 11.584302 | r:  -483.000000 | e:   0.989500 | Q:        nan | won: False 
#   73 | steps:  5173 | steps_t:   169 | t: 13.119004 | r:  -520.000000 | e:   0.983100 | Q:  -0.132129 | won: False 
#   74 | steps:  5193 | steps_t:   188 | t: 13.578618 | r:  -497.000000 | e:   0.981200 | Q:        nan | won: False 
#   75 | steps:  5295 | steps_t:   289 | t: 16.095714 | r:  -403.000000 | e:   0.971100 | Q:  -1.605150 | won: False 
#   76 | steps:  5314 | steps_t:   307 | t: 16.545402 | r:  -496.000000 | e:   0.969300 | Q: -15.606015 | won: False 
#   77 | steps:  5394 | steps_t:   386 | t: 18.455779 | r:  -502.000000 | e:   0.961400 | Q: -15.981084 | won: False 
#   78 | steps:  5601 | steps_t:   592 | t: 23.560541 | r:  -453.000000 | e:   0.940800 | Q: -10.936792 | won: False 
#   79 | steps:  5637 | steps_t:   627 | t: 24.425066 | r:  -469.000000 | e:   0.937300 | Q: -44.656471 | won: False 
#   80 | steps:  5670 | steps_t:   659 | t: 25.224832 | r:  -477.000000 | e:   0.934100 | Q: -34.524334 | won: False 
#   81 | steps:  5789 | steps_t:   777 | t: 28.222838 | r:  -398.000000 | e:   0.922300 | Q: -30.843081 | won: False 
#   82 | steps:  5887 | steps_t:   874 | t: 30.571930 | r:  -531.000000 | e:   0.912600 | Q: -38.023869 | won: False 
#   83 | steps:  5916 | steps_t:   902 | t: 31.252133 | r:  -473.000000 | e:   0.909800 | Q: -56.602383 | won: False 
#   84 | steps:  6060 | steps_t:  1045 | t: 34.695498 | r:  -390.000000 | e:   0.895500 | Q: -49.903091 | won: False 
#   85 | steps:  6104 | steps_t:  1088 | t: 35.736376 | r:  -422.000000 | e:   0.891200 | Q: -54.043892 | won: False 
#   86 | steps:  6150 | steps_t:  1133 | t: 36.831387 | r:  -413.000000 | e:   0.886700 | Q: -47.866241 | won: False 
#   87 | steps:  6186 | steps_t:  1168 | t: 37.681271 | r:  -447.000000 | e:   0.883200 | Q: -48.940830 | won: False 
#   88 | steps:  6230 | steps_t:  1211 | t: 38.723210 | r:  -345.000000 | e:   0.878900 | Q: -35.842709 | won: False 
#   89 | steps:  6252 | steps_t:  1232 | t: 39.236906 | r:  -444.000000 | e:   0.876800 | Q:        nan | won: False 
#   90 | steps:  6297 | steps_t:  1276 | t: 40.304835 | r:  -500.000000 | e:   0.872400 | Q: -41.563953 | won: False 
#   91 | steps:  6374 | steps_t:  1352 | t: 42.146515 | r:  -411.000000 | e:   0.864800 | Q: -36.944630 | won: False 
#   92 | steps:  6444 | steps_t:  1421 | t: 43.828924 | r:  -459.000000 | e:   0.857900 | Q: -42.228024 | won: False 
#   93 | steps:  6584 | steps_t:  1560 | t: 47.192689 | r:  -408.000000 | e:   0.844000 | Q: -60.311897 | won: False 
#   94 | steps:  6712 | steps_t:  1687 | t: 50.282515 | r:  -451.000000 | e:   0.831300 | Q: -45.717464 | won: False 
#   95 | steps:  6769 | steps_t:  1743 | t: 51.650337 | r:  -391.000000 | e:   0.825700 | Q: -75.033249 | won: False 
#   96 | steps:  6804 | steps_t:  1777 | t: 52.487631 | r:  -501.000000 | e:   0.822300 | Q: -55.820942 | won: False 
#   97 | steps:  6981 | steps_t:  1953 | t: 56.949127 | r:   -79.000000 | e:   0.804700 | Q: -45.987682 | won: False 
#   98 | steps:  7084 | steps_t:  2055 | t: 59.460446 | r:  -393.000000 | e:   0.794500 | Q: -34.605244 | won: False 
#   99 | steps:  7179 | steps_t:  2149 | t: 61.754773 | r:  -495.000000 | e:   0.785100 | Q: -35.256039 | won: False 
#  100 | steps:  7248 | steps_t:  2217 | t: 63.435767 | r:  -381.000000 | e:   0.778300 | Q: -46.788506 | won: False 
#  101 | steps:  7268 | steps_t:  2236 | t: 63.903084 | r:  -442.000000 | e:   0.776400 | Q: -64.091766 | won: False 
#  102 | steps:  7321 | steps_t:  2288 | t: 65.188333 | r:  -508.000000 | e:   0.771200 | Q: -61.386597 | won: False 
#  103 | steps:  7412 | steps_t:  2378 | t: 67.426926 | r:  -414.000000 | e:   0.762200 | Q: -52.834820 | won: False 
#  104 | steps:  7432 | steps_t:  2397 | t: 67.904562 | r:  -464.000000 | e:   0.760300 | Q: -55.676556 | won: False 
#  105 | steps:  7643 | steps_t:  2607 | t: 73.037444 | r:  -501.000000 | e:   0.739300 | Q: -47.163868 | won: False 
#  106 | steps:  7724 | steps_t:  2687 | t: 75.006957 | r:  -404.000000 | e:   0.731300 | Q: -52.340710 | won: False 
#  107 | steps:  7805 | steps_t:  2767 | t: 76.998939 | r:  -459.000000 | e:   0.723300 | Q: -49.441814 | won: False 
#  108 | steps:  7837 | steps_t:  2798 | t: 77.770664 | r:  -476.000000 | e:   0.720200 | Q: -54.694931 | won: False 
#  109 | steps:  7968 | steps_t:  2928 | t: 80.996765 | r:  -355.000000 | e:   0.707200 | Q: -53.896961 | won: False 
#  110 | steps:  7991 | steps_t:  2950 | t: 81.538552 | r:  -401.000000 | e:   0.705000 | Q: -61.233398 | won: False 
#  111 | steps:  8048 | steps_t:  3006 | t: 82.928519 | r:  -402.000000 | e:   0.699400 | Q: -60.793068 | won: False 
#  112 | steps:  8085 | steps_t:  3042 | t: 83.817912 | r:  -426.000000 | e:   0.695800 | Q: -43.925179 | won: False 
#  113 | steps:  8181 | steps_t:  3137 | t: 86.168030 | r:  -386.000000 | e:   0.686300 | Q: -42.426262 | won: False 
